mode: set
gitlab.com/sip-exporter/internal/config/config.go:20.32,23.46 2 1
gitlab.com/sip-exporter/internal/config/config.go:23.46,27.3 3 1
gitlab.com/sip-exporter/internal/config/config.go:29.2,29.17 1 1
gitlab.com/sip-exporter/pkg/log/logger.go:13.66,15.2 1 1
gitlab.com/sip-exporter/pkg/log/logger.go:17.40,21.29 3 1
gitlab.com/sip-exporter/pkg/log/logger.go:21.29,23.3 1 1
gitlab.com/sip-exporter/pkg/log/logger.go:25.2,34.16 8 1
gitlab.com/sip-exporter/pkg/log/logger.go:34.16,36.3 1 0
gitlab.com/sip-exporter/pkg/log/logger.go:38.2,40.12 3 1
gitlab.com/sip-exporter/pkg/log/logger.go:43.32,44.28 1 1
gitlab.com/sip-exporter/pkg/log/logger.go:45.15,46.36 1 1
gitlab.com/sip-exporter/pkg/log/logger.go:47.14,48.35 1 1
gitlab.com/sip-exporter/pkg/log/logger.go:49.15,50.36 1 1
gitlab.com/sip-exporter/pkg/log/logger.go:51.10,52.36 1 1
gitlab.com/sip-exporter/internal/service/dialogs.go:21.29,25.2 1 1
gitlab.com/sip-exporter/internal/service/dialogs.go:27.43,31.2 3 1
gitlab.com/sip-exporter/internal/service/dialogs.go:33.64,36.47 3 1
gitlab.com/sip-exporter/internal/service/dialogs.go:36.47,38.3 1 1
gitlab.com/sip-exporter/internal/service/dialogs.go:41.30,45.2 3 1
gitlab.com/sip-exporter/internal/service/dialogs.go:47.29,51.39 4 1
gitlab.com/sip-exporter/internal/service/dialogs.go:51.39,52.27 1 1
gitlab.com/sip-exporter/internal/service/dialogs.go:52.27,54.4 1 1
gitlab.com/sip-exporter/internal/service/metrics.go:66.31,218.20 2 1
gitlab.com/sip-exporter/internal/service/metrics.go:218.20,220.17 2 0
gitlab.com/sip-exporter/internal/service/metrics.go:220.17,222.4 1 0
gitlab.com/sip-exporter/internal/service/metrics.go:223.3,225.23 3 0
gitlab.com/sip-exporter/internal/service/metrics.go:225.23,227.4 1 0
gitlab.com/sip-exporter/internal/service/metrics.go:228.3,229.50 2 0
gitlab.com/sip-exporter/internal/service/metrics.go:232.2,232.10 1 1
gitlab.com/sip-exporter/internal/service/metrics.go:235.43,237.2 1 1
gitlab.com/sip-exporter/internal/service/metrics.go:239.62,242.20 2 1
gitlab.com/sip-exporter/internal/service/metrics.go:243.13,244.28 1 1
gitlab.com/sip-exporter/internal/service/metrics.go:245.13,246.29 1 1
gitlab.com/sip-exporter/internal/service/metrics.go:247.13,248.37 1 1
gitlab.com/sip-exporter/internal/service/metrics.go:249.13,250.24 1 1
gitlab.com/sip-exporter/internal/service/metrics.go:251.13,252.30 1 1
gitlab.com/sip-exporter/internal/service/metrics.go:253.13,254.36 1 1
gitlab.com/sip-exporter/internal/service/metrics.go:255.13,256.38 1 1
gitlab.com/sip-exporter/internal/service/metrics.go:257.13,258.32 1 1
gitlab.com/sip-exporter/internal/service/metrics.go:259.13,260.34 1 1
gitlab.com/sip-exporter/internal/service/metrics.go:261.13,262.31 1 1
gitlab.com/sip-exporter/internal/service/metrics.go:263.13,264.30 1 1
gitlab.com/sip-exporter/internal/service/metrics.go:265.13,266.38 1 1
gitlab.com/sip-exporter/internal/service/metrics.go:267.13,268.36 1 1
gitlab.com/sip-exporter/internal/service/metrics.go:269.13,270.44 1 1
gitlab.com/sip-exporter/internal/service/metrics.go:271.13,272.30 1 1
gitlab.com/sip-exporter/internal/service/metrics.go:273.13,274.36 1 1
gitlab.com/sip-exporter/internal/service/metrics.go:275.13,276.40 1 1
gitlab.com/sip-exporter/internal/service/metrics.go:277.13,278.36 1 1
gitlab.com/sip-exporter/internal/service/metrics.go:279.13,280.29 1 1
gitlab.com/sip-exporter/internal/service/metrics.go:281.10,282.61 1 1
gitlab.com/sip-exporter/internal/service/metrics.go:286.2,286.54 1 1
gitlab.com/sip-exporter/internal/service/metrics.go:286.54,288.3 1 0
gitlab.com/sip-exporter/internal/service/metrics.go:291.38,294.20 2 1
gitlab.com/sip-exporter/internal/service/metrics.go:295.17,296.30 1 1
gitlab.com/sip-exporter/internal/service/metrics.go:297.15,298.28 1 1
gitlab.com/sip-exporter/internal/service/metrics.go:299.16,300.29 1 1
gitlab.com/sip-exporter/internal/service/metrics.go:301.19,302.32 1 1
gitlab.com/sip-exporter/internal/service/metrics.go:303.15,304.28 1 1
gitlab.com/sip-exporter/internal/service/metrics.go:305.14,306.27 1 1
gitlab.com/sip-exporter/internal/service/metrics.go:307.16,308.29 1 1
gitlab.com/sip-exporter/internal/service/metrics.go:309.18,310.31 1 1
gitlab.com/sip-exporter/internal/service/metrics.go:311.17,312.30 1 1
gitlab.com/sip-exporter/internal/service/metrics.go:313.16,314.29 1 1
gitlab.com/sip-exporter/internal/service/metrics.go:315.13,316.26 1 1
gitlab.com/sip-exporter/internal/service/metrics.go:317.13,318.26 1 1
gitlab.com/sip-exporter/internal/service/metrics.go:319.16,321.37 2 1
gitlab.com/sip-exporter/internal/service/metrics.go:322.17,323.30 1 1
gitlab.com/sip-exporter/internal/service/metrics.go:324.10,325.60 1 1
gitlab.com/sip-exporter/internal/service/metrics.go:329.33,331.2 1 1
gitlab.com/sip-exporter/internal/service/metrics.go:333.33,335.2 1 1
gitlab.com/sip-exporter/internal/exporter/exporter.go:44.68,52.2 1 1
gitlab.com/sip-exporter/internal/exporter/exporter.go:54.95,55.28 1 0
gitlab.com/sip-exporter/internal/exporter/exporter.go:55.28,57.3 1 0
gitlab.com/sip-exporter/internal/exporter/exporter.go:59.2,60.16 2 0
gitlab.com/sip-exporter/internal/exporter/exporter.go:60.16,62.3 1 0
gitlab.com/sip-exporter/internal/exporter/exporter.go:64.2,67.17 3 0
gitlab.com/sip-exporter/internal/exporter/exporter.go:67.17,69.3 1 0
gitlab.com/sip-exporter/internal/exporter/exporter.go:72.2,73.24 2 0
gitlab.com/sip-exporter/internal/exporter/exporter.go:73.24,75.3 1 0
gitlab.com/sip-exporter/internal/exporter/exporter.go:77.2,79.84 3 0
gitlab.com/sip-exporter/internal/exporter/exporter.go:79.84,81.3 1 0
gitlab.com/sip-exporter/internal/exporter/exporter.go:82.2,82.86 1 0
gitlab.com/sip-exporter/internal/exporter/exporter.go:82.86,84.3 1 0
gitlab.com/sip-exporter/internal/exporter/exporter.go:87.2,88.16 2 0
gitlab.com/sip-exporter/internal/exporter/exporter.go:88.16,90.3 1 0
gitlab.com/sip-exporter/internal/exporter/exporter.go:91.2,95.16 4 0
gitlab.com/sip-exporter/internal/exporter/exporter.go:95.16,97.3 1 0
gitlab.com/sip-exporter/internal/exporter/exporter.go:99.2,105.16 3 0
gitlab.com/sip-exporter/internal/exporter/exporter.go:105.16,107.3 1 0
gitlab.com/sip-exporter/internal/exporter/exporter.go:110.2,111.93 2 0
gitlab.com/sip-exporter/internal/exporter/exporter.go:111.93,113.3 1 0
gitlab.com/sip-exporter/internal/exporter/exporter.go:115.2,124.12 5 0
gitlab.com/sip-exporter/internal/exporter/exporter.go:127.45,129.6 2 0
gitlab.com/sip-exporter/internal/exporter/exporter.go:129.6,137.3 5 0
gitlab.com/sip-exporter/internal/exporter/exporter.go:140.28,141.25 1 0
gitlab.com/sip-exporter/internal/exporter/exporter.go:141.25,143.3 1 0
gitlab.com/sip-exporter/internal/exporter/exporter.go:144.2,144.17 1 0
gitlab.com/sip-exporter/internal/exporter/exporter.go:144.17,146.3 1 0
gitlab.com/sip-exporter/internal/exporter/exporter.go:149.34,150.33 1 0
gitlab.com/sip-exporter/internal/exporter/exporter.go:150.33,151.50 1 0
gitlab.com/sip-exporter/internal/exporter/exporter.go:151.50,154.4 2 0
gitlab.com/sip-exporter/internal/exporter/exporter.go:158.33,161.6 2 0
gitlab.com/sip-exporter/internal/exporter/exporter.go:161.6,163.17 2 0
gitlab.com/sip-exporter/internal/exporter/exporter.go:163.17,164.25 1 0
gitlab.com/sip-exporter/internal/exporter/exporter.go:164.25,165.13 1 0
gitlab.com/sip-exporter/internal/exporter/exporter.go:167.4,169.12 3 0
gitlab.com/sip-exporter/internal/exporter/exporter.go:172.3,172.13 1 0
gitlab.com/sip-exporter/internal/exporter/exporter.go:172.13,173.12 1 0
gitlab.com/sip-exporter/internal/exporter/exporter.go:177.3,182.23 4 0
gitlab.com/sip-exporter/internal/exporter/exporter.go:187.56,188.22 1 1
gitlab.com/sip-exporter/internal/exporter/exporter.go:188.22,190.3 1 1
gitlab.com/sip-exporter/internal/exporter/exporter.go:193.2,197.46 3 1
gitlab.com/sip-exporter/internal/exporter/exporter.go:197.46,198.23 1 1
gitlab.com/sip-exporter/internal/exporter/exporter.go:198.23,200.4 1 0
gitlab.com/sip-exporter/internal/exporter/exporter.go:201.3,202.16 2 1
gitlab.com/sip-exporter/internal/exporter/exporter.go:206.2,206.46 1 1
gitlab.com/sip-exporter/internal/exporter/exporter.go:206.46,208.3 1 1
gitlab.com/sip-exporter/internal/exporter/exporter.go:211.2,211.31 1 1
gitlab.com/sip-exporter/internal/exporter/exporter.go:211.31,213.3 1 0
gitlab.com/sip-exporter/internal/exporter/exporter.go:215.2,219.23 4 1
gitlab.com/sip-exporter/internal/exporter/exporter.go:219.23,221.3 1 1
gitlab.com/sip-exporter/internal/exporter/exporter.go:224.2,225.31 2 1
gitlab.com/sip-exporter/internal/exporter/exporter.go:225.31,227.3 1 0
gitlab.com/sip-exporter/internal/exporter/exporter.go:230.2,231.30 2 1
gitlab.com/sip-exporter/internal/exporter/exporter.go:231.30,233.3 1 1
gitlab.com/sip-exporter/internal/exporter/exporter.go:235.2,238.23 2 1
gitlab.com/sip-exporter/internal/exporter/exporter.go:238.23,240.3 1 1
gitlab.com/sip-exporter/internal/exporter/exporter.go:243.2,257.48 1 1
gitlab.com/sip-exporter/internal/exporter/exporter.go:257.48,259.3 1 1
gitlab.com/sip-exporter/internal/exporter/exporter.go:261.2,263.49 2 1
gitlab.com/sip-exporter/internal/exporter/exporter.go:263.49,265.3 1 0
gitlab.com/sip-exporter/internal/exporter/exporter.go:267.2,267.12 1 1
gitlab.com/sip-exporter/internal/exporter/exporter.go:270.67,272.21 2 1
gitlab.com/sip-exporter/internal/exporter/exporter.go:272.21,274.3 1 0
gitlab.com/sip-exporter/internal/exporter/exporter.go:276.2,277.50 2 1
gitlab.com/sip-exporter/internal/exporter/exporter.go:277.50,280.3 2 1
gitlab.com/sip-exporter/internal/exporter/exporter.go:280.8,282.22 2 1
gitlab.com/sip-exporter/internal/exporter/exporter.go:282.22,285.4 2 1
gitlab.com/sip-exporter/internal/exporter/exporter.go:288.2,288.29 1 1
gitlab.com/sip-exporter/internal/exporter/exporter.go:288.29,289.13 1 1
gitlab.com/sip-exporter/internal/exporter/exporter.go:289.13,290.12 1 1
gitlab.com/sip-exporter/internal/exporter/exporter.go:293.3,295.10 2 1
gitlab.com/sip-exporter/internal/exporter/exporter.go:296.44,298.18 2 1
gitlab.com/sip-exporter/internal/exporter/exporter.go:298.18,300.5 1 1
gitlab.com/sip-exporter/internal/exporter/exporter.go:302.4,302.20 1 1
gitlab.com/sip-exporter/internal/exporter/exporter.go:303.42,304.32 1 1
gitlab.com/sip-exporter/internal/exporter/exporter.go:305.47,306.20 1 1
gitlab.com/sip-exporter/internal/exporter/exporter.go:307.44,309.34 2 1
gitlab.com/sip-exporter/internal/exporter/exporter.go:309.34,311.5 1 1
gitlab.com/sip-exporter/internal/exporter/exporter.go:313.4,314.18 2 1
gitlab.com/sip-exporter/internal/exporter/exporter.go:315.55,316.51 1 1
gitlab.com/sip-exporter/internal/exporter/exporter.go:320.2,320.15 1 1
gitlab.com/sip-exporter/internal/exporter/exporter.go:323.58,325.16 2 1
gitlab.com/sip-exporter/internal/exporter/exporter.go:325.16,327.3 1 0
gitlab.com/sip-exporter/internal/exporter/exporter.go:329.2,331.23 2 1
gitlab.com/sip-exporter/internal/exporter/exporter.go:331.23,335.13 3 1
gitlab.com/sip-exporter/internal/exporter/exporter.go:335.13,337.35 2 1
gitlab.com/sip-exporter/internal/exporter/exporter.go:337.35,339.5 1 1
gitlab.com/sip-exporter/internal/exporter/exporter.go:342.3,342.14 1 1
gitlab.com/sip-exporter/internal/exporter/exporter.go:342.14,345.57 2 1
gitlab.com/sip-exporter/internal/exporter/exporter.go:345.57,347.19 2 1
gitlab.com/sip-exporter/internal/exporter/exporter.go:347.19,349.6 1 1
gitlab.com/sip-exporter/internal/exporter/exporter.go:351.5,352.21 2 1
gitlab.com/sip-exporter/internal/exporter/exporter.go:352.21,354.6 1 1
gitlab.com/sip-exporter/internal/exporter/exporter.go:355.5,360.52 3 1
gitlab.com/sip-exporter/internal/exporter/exporter.go:363.4,363.54 1 1
gitlab.com/sip-exporter/internal/exporter/exporter.go:363.54,365.19 2 1
gitlab.com/sip-exporter/internal/exporter/exporter.go:365.19,367.6 1 0
gitlab.com/sip-exporter/internal/exporter/exporter.go:369.5,371.41 2 1
gitlab.com/sip-exporter/internal/exporter/exporter.go:374.8,376.3 1 1
gitlab.com/sip-exporter/internal/exporter/exporter.go:378.2,378.12 1 1
gitlab.com/sip-exporter/internal/exporter/exporter.go:381.48,383.13 2 1
gitlab.com/sip-exporter/internal/exporter/exporter.go:383.13,385.3 1 1
gitlab.com/sip-exporter/internal/exporter/exporter.go:386.2,386.63 1 1
gitlab.com/sip-exporter/internal/exporter/exporter.go:389.38,391.18 2 1
gitlab.com/sip-exporter/internal/exporter/exporter.go:391.18,393.3 1 1
gitlab.com/sip-exporter/internal/exporter/exporter.go:395.2,403.21 3 1
gitlab.com/sip-exporter/internal/exporter/exporter.go:403.21,405.3 1 1
gitlab.com/sip-exporter/internal/exporter/exporter.go:407.2,407.25 1 1
gitlab.com/sip-exporter/internal/exporter/exporter.go:410.71,411.72 1 1
gitlab.com/sip-exporter/internal/exporter/exporter.go:411.72,414.3 1 1
gitlab.com/sip-exporter/internal/exporter/exporter.go:416.2,417.40 2 1
gitlab.com/sip-exporter/internal/exporter/exporter.go:417.40,420.3 2 1
gitlab.com/sip-exporter/internal/exporter/exporter.go:420.8,423.3 2 1
gitlab.com/sip-exporter/internal/exporter/exporter.go:425.2,425.61 1 1
gitlab.com/sip-exporter/internal/exporter/exporter.go:428.29,430.2 1 1
gitlab.com/sip-exporter/internal/exporter/exporter.go:432.49,434.18 2 1
gitlab.com/sip-exporter/internal/exporter/exporter.go:434.18,436.3 1 1
gitlab.com/sip-exporter/internal/exporter/exporter.go:438.2,438.23 1 1
gitlab.com/sip-exporter/internal/exporter/exporter.go:441.46,444.21 2 1
gitlab.com/sip-exporter/internal/exporter/exporter.go:444.21,446.3 1 0
gitlab.com/sip-exporter/internal/exporter/exporter.go:447.2,448.66 2 1
gitlab.com/sip-exporter/internal/exporter/exporter.go:448.66,450.3 1 1
gitlab.com/sip-exporter/internal/exporter/exporter.go:451.2,451.10 1 1
gitlab.com/sip-exporter/internal/server/server.go:33.25,35.2 1 1
gitlab.com/sip-exporter/internal/server/server.go:37.45,38.107 1 1
gitlab.com/sip-exporter/internal/server/server.go:38.107,40.3 1 1
gitlab.com/sip-exporter/internal/server/server.go:42.2,51.12 4 1
gitlab.com/sip-exporter/internal/server/server.go:51.12,52.44 1 1
gitlab.com/sip-exporter/internal/server/server.go:52.44,53.45 1 1
gitlab.com/sip-exporter/internal/server/server.go:53.45,55.5 1 0
gitlab.com/sip-exporter/internal/server/server.go:59.2,71.40 8 1
gitlab.com/sip-exporter/internal/server/server.go:71.40,73.3 1 0
gitlab.com/sip-exporter/internal/server/server.go:75.2,76.12 2 1
