mode: set
gitlab.com/sip-exporter/internal/config/config.go:20.32,23.46 2 1
gitlab.com/sip-exporter/internal/config/config.go:23.46,27.3 3 1
gitlab.com/sip-exporter/internal/config/config.go:29.2,29.17 1 1
gitlab.com/sip-exporter/pkg/log/logger.go:13.66,15.2 1 1
gitlab.com/sip-exporter/pkg/log/logger.go:17.40,21.29 3 1
gitlab.com/sip-exporter/pkg/log/logger.go:21.29,23.3 1 1
gitlab.com/sip-exporter/pkg/log/logger.go:25.2,34.16 8 1
gitlab.com/sip-exporter/pkg/log/logger.go:34.16,36.3 1 0
gitlab.com/sip-exporter/pkg/log/logger.go:38.2,40.12 3 1
gitlab.com/sip-exporter/pkg/log/logger.go:43.32,44.28 1 1
gitlab.com/sip-exporter/pkg/log/logger.go:45.15,46.36 1 1
gitlab.com/sip-exporter/pkg/log/logger.go:47.14,48.35 1 1
gitlab.com/sip-exporter/pkg/log/logger.go:49.15,50.36 1 1
gitlab.com/sip-exporter/pkg/log/logger.go:51.10,52.36 1 1
gitlab.com/sip-exporter/internal/service/dialogs.go:21.29,25.2 1 1
gitlab.com/sip-exporter/internal/service/dialogs.go:27.43,31.2 3 1
gitlab.com/sip-exporter/internal/service/dialogs.go:33.64,36.47 3 1
gitlab.com/sip-exporter/internal/service/dialogs.go:36.47,38.3 1 1
gitlab.com/sip-exporter/internal/service/dialogs.go:41.30,45.2 3 1
gitlab.com/sip-exporter/internal/service/dialogs.go:47.29,51.39 4 1
gitlab.com/sip-exporter/internal/service/dialogs.go:51.39,52.27 1 1
gitlab.com/sip-exporter/internal/service/dialogs.go:52.27,54.4 1 1
gitlab.com/sip-exporter/internal/service/metrics.go:80.31,94.2 9 1
gitlab.com/sip-exporter/internal/service/metrics.go:96.38,111.2 14 1
gitlab.com/sip-exporter/internal/service/metrics.go:113.37,148.2 19 1
gitlab.com/sip-exporter/internal/service/metrics.go:150.37,155.2 3 1
gitlab.com/sip-exporter/internal/service/metrics.go:157.42,162.2 1 1
gitlab.com/sip-exporter/internal/service/metrics.go:164.55,169.2 1 1
gitlab.com/sip-exporter/internal/service/metrics.go:171.46,175.20 1 1
gitlab.com/sip-exporter/internal/service/metrics.go:175.20,177.17 2 0
gitlab.com/sip-exporter/internal/service/metrics.go:177.17,179.4 1 0
gitlab.com/sip-exporter/internal/service/metrics.go:180.3,182.23 3 0
gitlab.com/sip-exporter/internal/service/metrics.go:182.23,184.4 1 0
gitlab.com/sip-exporter/internal/service/metrics.go:185.3,186.50 2 0
gitlab.com/sip-exporter/internal/service/metrics.go:190.47,194.20 1 1
gitlab.com/sip-exporter/internal/service/metrics.go:194.20,196.17 2 0
gitlab.com/sip-exporter/internal/service/metrics.go:196.17,198.4 1 0
gitlab.com/sip-exporter/internal/service/metrics.go:199.3,201.23 3 0
gitlab.com/sip-exporter/internal/service/metrics.go:201.23,203.4 1 0
gitlab.com/sip-exporter/internal/service/metrics.go:204.3,205.57 2 0
gitlab.com/sip-exporter/internal/service/metrics.go:209.46,213.20 1 1
gitlab.com/sip-exporter/internal/service/metrics.go:213.20,215.17 2 0
gitlab.com/sip-exporter/internal/service/metrics.go:215.17,217.4 1 0
gitlab.com/sip-exporter/internal/service/metrics.go:218.3,219.53 2 0
gitlab.com/sip-exporter/internal/service/metrics.go:223.46,227.20 1 1
gitlab.com/sip-exporter/internal/service/metrics.go:227.20,229.17 2 0
gitlab.com/sip-exporter/internal/service/metrics.go:229.17,231.4 1 0
gitlab.com/sip-exporter/internal/service/metrics.go:232.3,233.51 2 0
gitlab.com/sip-exporter/internal/service/metrics.go:237.43,239.2 1 1
gitlab.com/sip-exporter/internal/service/metrics.go:241.62,244.20 2 1
gitlab.com/sip-exporter/internal/service/metrics.go:245.13,246.28 1 1
gitlab.com/sip-exporter/internal/service/metrics.go:247.13,248.29 1 1
gitlab.com/sip-exporter/internal/service/metrics.go:249.13,250.37 1 1
gitlab.com/sip-exporter/internal/service/metrics.go:251.13,252.24 1 1
gitlab.com/sip-exporter/internal/service/metrics.go:253.13,254.30 1 1
gitlab.com/sip-exporter/internal/service/metrics.go:255.13,256.36 1 1
gitlab.com/sip-exporter/internal/service/metrics.go:257.13,258.38 1 1
gitlab.com/sip-exporter/internal/service/metrics.go:259.13,260.32 1 1
gitlab.com/sip-exporter/internal/service/metrics.go:261.13,262.34 1 1
gitlab.com/sip-exporter/internal/service/metrics.go:263.13,264.31 1 1
gitlab.com/sip-exporter/internal/service/metrics.go:265.13,266.30 1 1
gitlab.com/sip-exporter/internal/service/metrics.go:267.13,268.38 1 1
gitlab.com/sip-exporter/internal/service/metrics.go:269.13,270.36 1 1
gitlab.com/sip-exporter/internal/service/metrics.go:271.13,272.44 1 1
gitlab.com/sip-exporter/internal/service/metrics.go:273.13,274.30 1 1
gitlab.com/sip-exporter/internal/service/metrics.go:275.13,276.36 1 1
gitlab.com/sip-exporter/internal/service/metrics.go:277.13,278.40 1 1
gitlab.com/sip-exporter/internal/service/metrics.go:279.13,280.35 1 0
gitlab.com/sip-exporter/internal/service/metrics.go:281.13,282.36 1 1
gitlab.com/sip-exporter/internal/service/metrics.go:283.13,284.29 1 1
gitlab.com/sip-exporter/internal/service/metrics.go:285.10,286.61 1 1
gitlab.com/sip-exporter/internal/service/metrics.go:290.2,290.54 1 1
gitlab.com/sip-exporter/internal/service/metrics.go:290.54,292.3 1 0
gitlab.com/sip-exporter/internal/service/metrics.go:295.2,295.57 1 1
gitlab.com/sip-exporter/internal/service/metrics.go:295.57,297.3 1 0
gitlab.com/sip-exporter/internal/service/metrics.go:300.2,300.59 1 1
gitlab.com/sip-exporter/internal/service/metrics.go:300.59,302.3 1 0
gitlab.com/sip-exporter/internal/service/metrics.go:306.44,307.14 1 0
gitlab.com/sip-exporter/internal/service/metrics.go:308.41,309.14 1 0
gitlab.com/sip-exporter/internal/service/metrics.go:310.10,311.15 1 0
gitlab.com/sip-exporter/internal/service/metrics.go:316.46,317.14 1 0
gitlab.com/sip-exporter/internal/service/metrics.go:318.34,319.14 1 0
gitlab.com/sip-exporter/internal/service/metrics.go:320.10,321.15 1 0
gitlab.com/sip-exporter/internal/service/metrics.go:325.38,328.20 2 1
gitlab.com/sip-exporter/internal/service/metrics.go:329.17,330.30 1 1
gitlab.com/sip-exporter/internal/service/metrics.go:331.15,332.28 1 1
gitlab.com/sip-exporter/internal/service/metrics.go:333.16,334.29 1 1
gitlab.com/sip-exporter/internal/service/metrics.go:335.19,336.32 1 1
gitlab.com/sip-exporter/internal/service/metrics.go:337.15,338.28 1 1
gitlab.com/sip-exporter/internal/service/metrics.go:339.14,340.27 1 1
gitlab.com/sip-exporter/internal/service/metrics.go:341.16,342.29 1 1
gitlab.com/sip-exporter/internal/service/metrics.go:343.18,344.31 1 1
gitlab.com/sip-exporter/internal/service/metrics.go:345.17,346.30 1 1
gitlab.com/sip-exporter/internal/service/metrics.go:347.16,348.29 1 1
gitlab.com/sip-exporter/internal/service/metrics.go:349.13,350.26 1 1
gitlab.com/sip-exporter/internal/service/metrics.go:351.13,352.26 1 1
gitlab.com/sip-exporter/internal/service/metrics.go:353.16,355.37 2 1
gitlab.com/sip-exporter/internal/service/metrics.go:356.17,357.30 1 1
gitlab.com/sip-exporter/internal/service/metrics.go:358.10,359.60 1 1
gitlab.com/sip-exporter/internal/service/metrics.go:363.33,365.2 1 1
gitlab.com/sip-exporter/internal/service/metrics.go:367.33,369.2 1 1
gitlab.com/sip-exporter/internal/service/metrics.go:371.38,373.2 1 1
gitlab.com/sip-exporter/internal/exporter/exporter.go:44.68,52.2 1 1
gitlab.com/sip-exporter/internal/exporter/exporter.go:54.95,55.28 1 0
gitlab.com/sip-exporter/internal/exporter/exporter.go:55.28,57.3 1 0
gitlab.com/sip-exporter/internal/exporter/exporter.go:59.2,60.16 2 0
gitlab.com/sip-exporter/internal/exporter/exporter.go:60.16,62.3 1 0
gitlab.com/sip-exporter/internal/exporter/exporter.go:64.2,67.17 3 0
gitlab.com/sip-exporter/internal/exporter/exporter.go:67.17,69.3 1 0
gitlab.com/sip-exporter/internal/exporter/exporter.go:72.2,73.24 2 0
gitlab.com/sip-exporter/internal/exporter/exporter.go:73.24,75.3 1 0
gitlab.com/sip-exporter/internal/exporter/exporter.go:77.2,79.84 3 0
gitlab.com/sip-exporter/internal/exporter/exporter.go:79.84,81.3 1 0
gitlab.com/sip-exporter/internal/exporter/exporter.go:82.2,82.86 1 0
gitlab.com/sip-exporter/internal/exporter/exporter.go:82.86,84.3 1 0
gitlab.com/sip-exporter/internal/exporter/exporter.go:87.2,88.16 2 0
gitlab.com/sip-exporter/internal/exporter/exporter.go:88.16,90.3 1 0
gitlab.com/sip-exporter/internal/exporter/exporter.go:91.2,95.16 4 0
gitlab.com/sip-exporter/internal/exporter/exporter.go:95.16,97.3 1 0
gitlab.com/sip-exporter/internal/exporter/exporter.go:99.2,105.16 3 0
gitlab.com/sip-exporter/internal/exporter/exporter.go:105.16,107.3 1 0
gitlab.com/sip-exporter/internal/exporter/exporter.go:110.2,111.93 2 0
gitlab.com/sip-exporter/internal/exporter/exporter.go:111.93,113.3 1 0
gitlab.com/sip-exporter/internal/exporter/exporter.go:115.2,124.12 5 0
gitlab.com/sip-exporter/internal/exporter/exporter.go:127.45,129.6 2 0
gitlab.com/sip-exporter/internal/exporter/exporter.go:129.6,137.3 5 0
gitlab.com/sip-exporter/internal/exporter/exporter.go:140.28,141.25 1 0
gitlab.com/sip-exporter/internal/exporter/exporter.go:141.25,143.3 1 0
gitlab.com/sip-exporter/internal/exporter/exporter.go:144.2,144.17 1 0
gitlab.com/sip-exporter/internal/exporter/exporter.go:144.17,146.3 1 0
gitlab.com/sip-exporter/internal/exporter/exporter.go:149.34,150.33 1 0
gitlab.com/sip-exporter/internal/exporter/exporter.go:150.33,151.50 1 0
gitlab.com/sip-exporter/internal/exporter/exporter.go:151.50,154.4 2 0
gitlab.com/sip-exporter/internal/exporter/exporter.go:158.33,161.6 2 0
gitlab.com/sip-exporter/internal/exporter/exporter.go:161.6,163.17 2 0
gitlab.com/sip-exporter/internal/exporter/exporter.go:163.17,164.25 1 0
gitlab.com/sip-exporter/internal/exporter/exporter.go:164.25,165.13 1 0
gitlab.com/sip-exporter/internal/exporter/exporter.go:167.4,169.12 3 0
gitlab.com/sip-exporter/internal/exporter/exporter.go:172.3,172.13 1 0
gitlab.com/sip-exporter/internal/exporter/exporter.go:172.13,173.12 1 0
gitlab.com/sip-exporter/internal/exporter/exporter.go:177.3,182.23 4 0
gitlab.com/sip-exporter/internal/exporter/exporter.go:187.56,188.22 1 1
gitlab.com/sip-exporter/internal/exporter/exporter.go:188.22,190.3 1 1
gitlab.com/sip-exporter/internal/exporter/exporter.go:193.2,197.46 3 1
gitlab.com/sip-exporter/internal/exporter/exporter.go:197.46,198.23 1 1
gitlab.com/sip-exporter/internal/exporter/exporter.go:198.23,200.4 1 0
gitlab.com/sip-exporter/internal/exporter/exporter.go:201.3,202.16 2 1
gitlab.com/sip-exporter/internal/exporter/exporter.go:206.2,206.46 1 1
gitlab.com/sip-exporter/internal/exporter/exporter.go:206.46,208.3 1 1
gitlab.com/sip-exporter/internal/exporter/exporter.go:211.2,211.31 1 1
gitlab.com/sip-exporter/internal/exporter/exporter.go:211.31,213.3 1 0
gitlab.com/sip-exporter/internal/exporter/exporter.go:215.2,219.23 4 1
gitlab.com/sip-exporter/internal/exporter/exporter.go:219.23,221.3 1 1
gitlab.com/sip-exporter/internal/exporter/exporter.go:224.2,225.31 2 1
gitlab.com/sip-exporter/internal/exporter/exporter.go:225.31,227.3 1 0
gitlab.com/sip-exporter/internal/exporter/exporter.go:230.2,231.30 2 1
gitlab.com/sip-exporter/internal/exporter/exporter.go:231.30,233.3 1 1
gitlab.com/sip-exporter/internal/exporter/exporter.go:235.2,238.23 2 1
gitlab.com/sip-exporter/internal/exporter/exporter.go:238.23,240.3 1 1
gitlab.com/sip-exporter/internal/exporter/exporter.go:243.2,257.48 1 1
gitlab.com/sip-exporter/internal/exporter/exporter.go:257.48,259.3 1 1
gitlab.com/sip-exporter/internal/exporter/exporter.go:261.2,263.49 2 1
gitlab.com/sip-exporter/internal/exporter/exporter.go:263.49,265.3 1 0
gitlab.com/sip-exporter/internal/exporter/exporter.go:267.2,267.12 1 1
gitlab.com/sip-exporter/internal/exporter/exporter.go:270.67,272.21 2 1
gitlab.com/sip-exporter/internal/exporter/exporter.go:272.21,274.3 1 0
gitlab.com/sip-exporter/internal/exporter/exporter.go:276.2,277.50 2 1
gitlab.com/sip-exporter/internal/exporter/exporter.go:277.50,280.3 2 1
gitlab.com/sip-exporter/internal/exporter/exporter.go:280.8,282.22 2 1
gitlab.com/sip-exporter/internal/exporter/exporter.go:282.22,285.4 2 1
gitlab.com/sip-exporter/internal/exporter/exporter.go:288.2,288.29 1 1
gitlab.com/sip-exporter/internal/exporter/exporter.go:288.29,289.13 1 1
gitlab.com/sip-exporter/internal/exporter/exporter.go:289.13,290.12 1 1
gitlab.com/sip-exporter/internal/exporter/exporter.go:293.3,295.10 2 1
gitlab.com/sip-exporter/internal/exporter/exporter.go:296.44,298.18 2 1
gitlab.com/sip-exporter/internal/exporter/exporter.go:298.18,300.5 1 1
gitlab.com/sip-exporter/internal/exporter/exporter.go:302.4,302.20 1 1
gitlab.com/sip-exporter/internal/exporter/exporter.go:303.42,304.32 1 1
gitlab.com/sip-exporter/internal/exporter/exporter.go:305.47,306.20 1 1
gitlab.com/sip-exporter/internal/exporter/exporter.go:307.44,309.34 2 1
gitlab.com/sip-exporter/internal/exporter/exporter.go:309.34,311.5 1 1
gitlab.com/sip-exporter/internal/exporter/exporter.go:313.4,314.18 2 1
gitlab.com/sip-exporter/internal/exporter/exporter.go:315.55,316.51 1 1
gitlab.com/sip-exporter/internal/exporter/exporter.go:320.2,320.15 1 1
gitlab.com/sip-exporter/internal/exporter/exporter.go:323.58,325.16 2 1
gitlab.com/sip-exporter/internal/exporter/exporter.go:325.16,327.3 1 0
gitlab.com/sip-exporter/internal/exporter/exporter.go:329.2,331.23 2 1
gitlab.com/sip-exporter/internal/exporter/exporter.go:331.23,335.13 3 1
gitlab.com/sip-exporter/internal/exporter/exporter.go:335.13,337.35 2 1
gitlab.com/sip-exporter/internal/exporter/exporter.go:337.35,339.5 1 1
gitlab.com/sip-exporter/internal/exporter/exporter.go:342.3,342.14 1 1
gitlab.com/sip-exporter/internal/exporter/exporter.go:342.14,345.57 2 1
gitlab.com/sip-exporter/internal/exporter/exporter.go:345.57,350.19 3 1
gitlab.com/sip-exporter/internal/exporter/exporter.go:350.19,352.6 1 1
gitlab.com/sip-exporter/internal/exporter/exporter.go:354.5,355.21 2 1
gitlab.com/sip-exporter/internal/exporter/exporter.go:355.21,357.6 1 1
gitlab.com/sip-exporter/internal/exporter/exporter.go:358.5,363.52 3 1
gitlab.com/sip-exporter/internal/exporter/exporter.go:366.4,366.54 1 1
gitlab.com/sip-exporter/internal/exporter/exporter.go:366.54,369.19 3 1
gitlab.com/sip-exporter/internal/exporter/exporter.go:369.19,371.6 1 0
gitlab.com/sip-exporter/internal/exporter/exporter.go:373.5,376.44 3 1
gitlab.com/sip-exporter/internal/exporter/exporter.go:379.8,381.3 1 1
gitlab.com/sip-exporter/internal/exporter/exporter.go:383.2,383.12 1 1
gitlab.com/sip-exporter/internal/exporter/exporter.go:386.48,388.13 2 1
gitlab.com/sip-exporter/internal/exporter/exporter.go:388.13,390.3 1 1
gitlab.com/sip-exporter/internal/exporter/exporter.go:391.2,391.63 1 1
gitlab.com/sip-exporter/internal/exporter/exporter.go:394.38,396.18 2 1
gitlab.com/sip-exporter/internal/exporter/exporter.go:396.18,398.3 1 1
gitlab.com/sip-exporter/internal/exporter/exporter.go:400.2,408.21 3 1
gitlab.com/sip-exporter/internal/exporter/exporter.go:408.21,410.3 1 1
gitlab.com/sip-exporter/internal/exporter/exporter.go:412.2,412.25 1 1
gitlab.com/sip-exporter/internal/exporter/exporter.go:415.71,416.72 1 1
gitlab.com/sip-exporter/internal/exporter/exporter.go:416.72,419.3 1 1
gitlab.com/sip-exporter/internal/exporter/exporter.go:421.2,422.40 2 1
gitlab.com/sip-exporter/internal/exporter/exporter.go:422.40,425.3 2 1
gitlab.com/sip-exporter/internal/exporter/exporter.go:425.8,428.3 2 1
gitlab.com/sip-exporter/internal/exporter/exporter.go:430.2,430.61 1 1
gitlab.com/sip-exporter/internal/exporter/exporter.go:433.29,435.2 1 1
gitlab.com/sip-exporter/internal/exporter/exporter.go:437.49,439.18 2 1
gitlab.com/sip-exporter/internal/exporter/exporter.go:439.18,441.3 1 1
gitlab.com/sip-exporter/internal/exporter/exporter.go:443.2,443.23 1 1
gitlab.com/sip-exporter/internal/exporter/exporter.go:446.46,449.21 2 1
gitlab.com/sip-exporter/internal/exporter/exporter.go:449.21,451.3 1 0
gitlab.com/sip-exporter/internal/exporter/exporter.go:452.2,453.66 2 1
gitlab.com/sip-exporter/internal/exporter/exporter.go:453.66,455.3 1 1
gitlab.com/sip-exporter/internal/exporter/exporter.go:456.2,456.10 1 1
gitlab.com/sip-exporter/internal/server/server.go:33.25,35.2 1 1
gitlab.com/sip-exporter/internal/server/server.go:37.45,38.107 1 1
gitlab.com/sip-exporter/internal/server/server.go:38.107,40.3 1 1
gitlab.com/sip-exporter/internal/server/server.go:42.2,51.12 4 1
gitlab.com/sip-exporter/internal/server/server.go:51.12,52.44 1 1
gitlab.com/sip-exporter/internal/server/server.go:52.44,53.45 1 1
gitlab.com/sip-exporter/internal/server/server.go:53.45,55.5 1 0
gitlab.com/sip-exporter/internal/server/server.go:59.2,71.40 8 1
gitlab.com/sip-exporter/internal/server/server.go:71.40,73.3 1 0
gitlab.com/sip-exporter/internal/server/server.go:75.2,76.12 2 1
